1708065798285	geckodriver	INFO	Listening on 127.0.0.1:56211
update.go:85: cannot change mount namespace according to change mount (/var/lib/snapd/hostfs/usr/local/share/doc /usr/local/share/doc none bind,ro 0 0): cannot open directory "/usr/local/share": permission denied
update.go:85: cannot change mount namespace according to change mount (/var/lib/snapd/hostfs/usr/share/gimp/2.0/help /usr/share/gimp/2.0/help none bind,ro 0 0): cannot open directory "/var/lib": permission denied
update.go:85: cannot change mount namespace according to change mount (/var/lib/snapd/hostfs/usr/share/xubuntu-docs /usr/share/xubuntu-docs none bind,ro 0 0): cannot open directory "/var/lib": permission denied
1708065799818	mozrunner::runner	INFO	Running command: MOZ_CRASHREPORTER="1" MOZ_CRASHREPORTER_NO_REPORT="1" MOZ_CRASHREPORTER_SHUTDOWN="1" MOZ_NO_REMOTE="1" "/usr/bin/firefox" "--marionette" "-profile" "/home/jzi/snap/firefox/common/.cache/mozilla/firefox/zm2epzur.selenium" "-no-remote"
Read port: 34597
Read port: 34597
Read port: 34597
Gtk-Message: 14:43:20.089: Not loading module "atk-bridge": The functionality is provided by GTK natively. Please try to not load it.
Read port: 34597
Read port: 34597
Read port: 34597
console.warn: services.settings: Ignoring preference override of remote settings server
console.warn: services.settings: Allow by setting MOZ_REMOTE_SETTINGS_DEVTOOLS=1 in the environment
Read port: 34597
Read port: 34597
Read port: 34597
Read port: 34597
1708065800737	Marionette	INFO	Marionette enabled
1708065800796	Marionette	INFO	Listening on port 42729
Read port: 42729
1708065801062	RemoteAgent	WARN	TLS certificate errors will be ignored for this session
console.error: ({})
JavaScript warning: https://g.alicdn.com/secdev/sufei_data/3.9.10/index.js, line 1: WebGL context was lost.
JavaScript warning: https://g.alicdn.com/AWSC/et/1.70.8/et_n.js, line 5: WEBGL_debug_renderer_info is deprecated in Firefox and will be removed. Please use RENDERER.
[GFX1-]: Couldn't sanitize RENDERER device: REMBRANDT
JavaScript warning: https://g.alicdn.com/AWSC/et/1.70.8/et_n.js, line 6: WebGL context was lost.
JavaScript warning: https://g.alicdn.com/AWSC/et/1.70.8/et_n.js, line 3: WebGL context was lost.
JavaScript warning: https://g.alicdn.com/AWSC/et/1.70.8/et_n.js, line 5: WEBGL_debug_renderer_info is deprecated in Firefox and will be removed. Please use RENDERER.
[GFX1-]: Couldn't sanitize RENDERER device: REMBRANDT
JavaScript warning: https://g.alicdn.com/AWSC/et/1.70.8/et_n.js, line 6: WebGL context was lost.
JavaScript warning: https://g.alicdn.com/AWSC/et/1.70.8/et_n.js, line 3: WebGL context was lost.
JavaScript warning: https://g.alicdn.com/AWSC/fireyejs/1.227.0/fireyejs.js, line 1: WEBGL_debug_renderer_info is deprecated in Firefox and will be removed. Please use RENDERER.
[GFX1-]: Couldn't sanitize RENDERER device: REMBRANDT
JavaScript warning: https://g.alicdn.com/AWSC/uab/1.140.0/collina.js, line 4: WEBGL_debug_renderer_info is deprecated in Firefox and will be removed. Please use RENDERER.
[GFX1-]: Couldn't sanitize RENDERER device: REMBRANDT
JavaScript warning: https://g.alicdn.com/secdev/sufei_data/3.9.14/index.js, line 1: WebGL context was lost.
[GFX1-]: Couldn't sanitize RENDERER device: REMBRANDT
JavaScript warning: https://g.alicdn.com/secdev/sufei_data/3.9.14/index.js, line 1: WebGL context was lost.
JavaScript warning: https://g.alicdn.com/AWSC/et/1.70.8/et_f.js, line 4: WEBGL_debug_renderer_info is deprecated in Firefox and will be removed. Please use RENDERER.
[GFX1-]: Couldn't sanitize RENDERER device: REMBRANDT
JavaScript warning: https://g.alicdn.com/AWSC/et/1.70.8/et_f.js, line 7: WebGL context was lost.
JavaScript warning: https://g.alicdn.com/AWSC/et/1.70.8/et_f.js, line 5: WebGL context was lost.
JavaScript warning: https://g.alicdn.com/AWSC/fireyejs/1.227.0/fireyejs.js, line 1: WEBGL_debug_renderer_info is deprecated in Firefox and will be removed. Please use RENDERER.
[GFX1-]: Couldn't sanitize RENDERER device: REMBRANDT
1708065808855	Marionette	INFO	Stopped listening on port 42729
1708065820227	geckodriver	INFO	Listening on 127.0.0.1:60341
1708065820583	mozrunner::runner	INFO	Running command: MOZ_CRASHREPORTER="1" MOZ_CRASHREPORTER_NO_REPORT="1" MOZ_CRASHREPORTER_SHUTDOWN="1" MOZ_NO_REMOTE="1" "/usr/bin/firefox" "--marionette" "-profile" "/home/jzi/snap/firefox/common/.cache/mozilla/firefox/zm2epzur.selenium" "-no-remote"
Gtk-Message: 14:43:40.872: Not loading module "atk-bridge": The functionality is provided by GTK natively. Please try to not load it.
console.warn: services.settings: Ignoring preference override of remote settings server
console.warn: services.settings: Allow by setting MOZ_REMOTE_SETTINGS_DEVTOOLS=1 in the environment
1708065821325	Marionette	INFO	Marionette enabled
1708065821362	Marionette	INFO	Listening on port 37951
Read port: 37951
1708065821540	RemoteAgent	WARN	TLS certificate errors will be ignored for this session
console.error: ({})
JavaScript warning: https://g.alicdn.com/AWSC/et/1.70.8/et_n.js, line 5: WEBGL_debug_renderer_info is deprecated in Firefox and will be removed. Please use RENDERER.
[GFX1-]: Couldn't sanitize RENDERER device: REMBRANDT
JavaScript warning: https://g.alicdn.com/AWSC/et/1.70.8/et_n.js, line 6: WebGL context was lost.
JavaScript warning: https://g.alicdn.com/AWSC/et/1.70.8/et_n.js, line 3: WebGL context was lost.
JavaScript warning: https://g.alicdn.com/secdev/sufei_data/3.9.10/index.js, line 1: WebGL context was lost.
JavaScript warning: https://g.alicdn.com/AWSC/et/1.70.8/et_n.js, line 5: WEBGL_debug_renderer_info is deprecated in Firefox and will be removed. Please use RENDERER.
[GFX1-]: Couldn't sanitize RENDERER device: REMBRANDT
JavaScript warning: https://g.alicdn.com/AWSC/et/1.70.8/et_n.js, line 6: WebGL context was lost.
JavaScript warning: https://g.alicdn.com/AWSC/et/1.70.8/et_n.js, line 3: WebGL context was lost.
JavaScript warning: https://g.alicdn.com/AWSC/fireyejs/1.227.0/fireyejs.js, line 1: WEBGL_debug_renderer_info is deprecated in Firefox and will be removed. Please use RENDERER.
[GFX1-]: Couldn't sanitize RENDERER device: REMBRANDT
JavaScript warning: https://g.alicdn.com/AWSC/uab/1.140.0/collina.js, line 4: WEBGL_debug_renderer_info is deprecated in Firefox and will be removed. Please use RENDERER.
[GFX1-]: Couldn't sanitize RENDERER device: REMBRANDT
JavaScript warning: https://g.alicdn.com/secdev/sufei_data/3.9.14/index.js, line 1: WebGL context was lost.
[GFX1-]: Couldn't sanitize RENDERER device: REMBRANDT
JavaScript warning: https://g.alicdn.com/secdev/sufei_data/3.9.14/index.js, line 1: WebGL context was lost.
JavaScript warning: https://g.alicdn.com/AWSC/et/1.70.8/et_f.js, line 4: WEBGL_debug_renderer_info is deprecated in Firefox and will be removed. Please use RENDERER.
[GFX1-]: Couldn't sanitize RENDERER device: REMBRANDT
JavaScript warning: https://g.alicdn.com/AWSC/et/1.70.8/et_f.js, line 7: WebGL context was lost.
JavaScript warning: https://g.alicdn.com/AWSC/et/1.70.8/et_f.js, line 5: WebGL context was lost.
JavaScript warning: https://g.alicdn.com/AWSC/fireyejs/1.227.0/fireyejs.js, line 1: WEBGL_debug_renderer_info is deprecated in Firefox and will be removed. Please use RENDERER.
[GFX1-]: Couldn't sanitize RENDERER device: REMBRANDT
[GFX1-]: Couldn't sanitize RENDERER device: REMBRANDT
[GFX1-]: Couldn't sanitize RENDERER device: REMBRANDT
[GFX1-]: Couldn't sanitize RENDERER device: REMBRANDT
console.error: "update.locale" " file doesn't exist in either the application or GRE directories"
1708065851345	addons.xpi	ERROR	System addon update list error SyntaxError: XMLHttpRequest.open: 'http://%(server)s/dummy-system-addons.xml' is not a valid URL.
1708065886859	Marionette	INFO	Stopped listening on port 37951
1709103774832	geckodriver	INFO	Listening on 127.0.0.1:35349
update.go:85: cannot change mount namespace according to change mount (/var/lib/snapd/hostfs/usr/local/share/doc /usr/local/share/doc none bind,ro 0 0): cannot open directory "/usr/local/share": permission denied
update.go:85: cannot change mount namespace according to change mount (/var/lib/snapd/hostfs/usr/share/gimp/2.0/help /usr/share/gimp/2.0/help none bind,ro 0 0): cannot open directory "/var/lib": permission denied
update.go:85: cannot change mount namespace according to change mount (/var/lib/snapd/hostfs/usr/share/xubuntu-docs /usr/share/xubuntu-docs none bind,ro 0 0): cannot open directory "/var/lib": permission denied
1709103777146	mozrunner::runner	INFO	Running command: MOZ_CRASHREPORTER="1" MOZ_CRASHREPORTER_NO_REPORT="1" MOZ_CRASHREPORTER_SHUTDOWN="1" MOZ_NO_REMOTE="1" "/usr/bin/firefox" "--marionette" "-profile" "/home/jzi/snap/firefox/common/.cache/mozilla/firefox/zm2epzur.selenium" "-no-remote"
Gtk-Message: 15:02:57.688: Not loading module "atk-bridge": The functionality is provided by GTK natively. Please try to not load it.
console.warn: services.settings: Ignoring preference override of remote settings server
console.warn: services.settings: Allow by setting MOZ_REMOTE_SETTINGS_DEVTOOLS=1 in the environment
1709103779632	Marionette	INFO	Marionette enabled
1709103779836	Marionette	INFO	Listening on port 45839
Read port: 45839
1709103780428	RemoteAgent	WARN	TLS certificate errors will be ignored for this session
console.error: ({})
JavaScript warning: https://g.alicdn.com/secdev/sufei_data/3.9.14/index.js, line 1: WebGL context was lost.
JavaScript warning: https://g.alicdn.com/AWSC/et/1.70.8/et_n.js, line 5: WEBGL_debug_renderer_info is deprecated in Firefox and will be removed. Please use RENDERER.
JavaScript warning: https://g.alicdn.com/AWSC/et/1.70.8/et_n.js, line 6: WebGL context was lost.
JavaScript warning: https://g.alicdn.com/AWSC/et/1.70.8/et_n.js, line 3: WebGL context was lost.
JavaScript warning: https://g.alicdn.com/secdev/sufei_data/3.9.14/index.js, line 1: WebGL context was lost.
JavaScript warning: https://g.alicdn.com/AWSC/et/1.70.8/et_n.js, line 5: WEBGL_debug_renderer_info is deprecated in Firefox and will be removed. Please use RENDERER.
JavaScript warning: https://g.alicdn.com/AWSC/et/1.70.8/et_n.js, line 6: WebGL context was lost.
JavaScript warning: https://g.alicdn.com/AWSC/et/1.70.8/et_n.js, line 3: WebGL context was lost.
JavaScript warning: https://g.alicdn.com/AWSC/fireyejs/1.227.0/fireyejs.js, line 1: WEBGL_debug_renderer_info is deprecated in Firefox and will be removed. Please use RENDERER.
JavaScript warning: https://g.alicdn.com/AWSC/uab/1.140.0/collina.js, line 4: WEBGL_debug_renderer_info is deprecated in Firefox and will be removed. Please use RENDERER.
JavaScript warning: https://g.alicdn.com/secdev/sufei_data/3.9.14/index.js, line 1: WebGL context was lost.
JavaScript warning: https://g.alicdn.com/AWSC/et/1.70.8/et_f.js, line 4: WEBGL_debug_renderer_info is deprecated in Firefox and will be removed. Please use RENDERER.
JavaScript warning: https://g.alicdn.com/AWSC/et/1.70.8/et_f.js, line 7: WebGL context was lost.
JavaScript warning: https://g.alicdn.com/AWSC/et/1.70.8/et_f.js, line 5: WebGL context was lost.
JavaScript warning: https://g.alicdn.com/AWSC/fireyejs/1.227.0/fireyejs.js, line 1: WEBGL_debug_renderer_info is deprecated in Firefox and will be removed. Please use RENDERER.
JavaScript warning: https://g.alicdn.com/secdev/sufei_data/3.9.14/index.js, line 1: Script terminated by timeout at:
t@https://g.alicdn.com/secdev/sufei_data/3.9.14/index.js:1:13000
i@https://g.alicdn.com/secdev/sufei_data/3.9.14/index.js:1:13173
w/<@https://g.alicdn.com/secdev/sufei_data/3.9.14/index.js:1:15113

1709103794165	Marionette	INFO	Stopped listening on port 45839
